This is pdfTeX, Version 3.141592653-2.6-1.40.26 (TeX Live 2025/dev/Debian) (preloaded format=pdflatex 2025.10.16)  23 OCT 2025 16:13
entering extended mode
 restricted \write18 enabled.
 file:line:error style messages enabled.
 %&-line parsing enabled.
**/home/stein/Documents/LaTeX/T2_Eletronica_Analogica/Trabalho_2/main.tex
(/home/stein/Documents/LaTeX/T2_Eletronica_Analogica/Trabalho_2/main.tex
LaTeX2e <2024-11-01> patch level 2
L3 programming layer <2025-01-18>
(/usr/share/texlive/texmf-dist/tex/latex/base/article.cls
Document Class: article 2024/06/29 v1.4n Standard LaTeX document class
(/usr/share/texlive/texmf-dist/tex/latex/base/size12.clo
File: size12.clo 2024/06/29 v1.4n Standard LaTeX file (size option)
)
\c@part=\count196
\c@section=\count197
\c@subsection=\count198
\c@subsubsection=\count199
\c@paragraph=\count266
\c@subparagraph=\count267
\c@figure=\count268
\c@table=\count269
\abovecaptionskip=\skip49
\belowcaptionskip=\skip50
\bibindent=\dimen141
) (/usr/share/texlive/texmf-dist/tex/latex/graphics/graphicx.sty
Package: graphicx 2021/09/16 v1.2d Enhanced LaTeX Graphics (DPC,SPQR)
 (/usr/share/texlive/texmf-dist/tex/latex/graphics/keyval.sty
Package: keyval 2022/05/29 v1.15 key=value parser (DPC)
\KV@toks@=\toks17
) (/usr/share/texlive/texmf-dist/tex/latex/graphics/graphics.sty
Package: graphics 2024/08/06 v1.4g Standard LaTeX Graphics (DPC,SPQR)
 (/usr/share/texlive/texmf-dist/tex/latex/graphics/trig.sty
Package: trig 2023/12/02 v1.11 sin cos tan (DPC)
) (/usr/share/texlive/texmf-dist/tex/latex/graphics-cfg/graphics.cfg
File: graphics.cfg 2016/06/04 v1.11 sample graphics configuration
)
Package graphics Info: Driver file: pdftex.def on input line 106.
 (/usr/share/texlive/texmf-dist/tex/latex/graphics-def/pdftex.def
File: pdftex.def 2024/04/13 v1.2c Graphics/color driver for pdftex
))
\Gin@req@height=\dimen142
\Gin@req@width=\dimen143
) (/usr/share/texlive/texmf-dist/tex/latex/wrapfig/wrapfig.sty
\wrapoverhang=\dimen144
\WF@size=\dimen145
\c@WF@wrappedlines=\count270
\WF@box=\box52
\WF@everypar=\toks18
Package: wrapfig 2003/01/31  v 3.6
) (/usr/share/texlive/texmf-dist/tex/latex/amsmath/amsmath.sty
Package: amsmath 2024/11/05 v2.17t AMS math features
\@mathmargin=\skip51

For additional information on amsmath, use the `?' option.
(/usr/share/texlive/texmf-dist/tex/latex/amsmath/amstext.sty
Package: amstext 2021/08/26 v2.01 AMS text
 (/usr/share/texlive/texmf-dist/tex/latex/amsmath/amsgen.sty
File: amsgen.sty 1999/11/30 v2.0 generic functions
\@emptytoks=\toks19
\ex@=\dimen146
)) (/usr/share/texlive/texmf-dist/tex/latex/amsmath/amsbsy.sty
Package: amsbsy 1999/11/29 v1.2d Bold Symbols
\pmbraise@=\dimen147
) (/usr/share/texlive/texmf-dist/tex/latex/amsmath/amsopn.sty
Package: amsopn 2022/04/08 v2.04 operator names
)
\inf@bad=\count271
LaTeX Info: Redefining \frac on input line 233.
\uproot@=\count272
\leftroot@=\count273
LaTeX Info: Redefining \overline on input line 398.
LaTeX Info: Redefining \colon on input line 409.
\classnum@=\count274
\DOTSCASE@=\count275
LaTeX Info: Redefining \ldots on input line 495.
LaTeX Info: Redefining \dots on input line 498.
LaTeX Info: Redefining \cdots on input line 619.
\Mathstrutbox@=\box53
\strutbox@=\box54
LaTeX Info: Redefining \big on input line 721.
LaTeX Info: Redefining \Big on input line 722.
LaTeX Info: Redefining \bigg on input line 723.
LaTeX Info: Redefining \Bigg on input line 724.
\big@size=\dimen148
LaTeX Font Info:    Redeclaring font encoding OML on input line 742.
LaTeX Font Info:    Redeclaring font encoding OMS on input line 743.
\macc@depth=\count276
LaTeX Info: Redefining \bmod on input line 904.
LaTeX Info: Redefining \pmod on input line 909.
LaTeX Info: Redefining \smash on input line 939.
LaTeX Info: Redefining \relbar on input line 969.
LaTeX Info: Redefining \Relbar on input line 970.
\c@MaxMatrixCols=\count277
\dotsspace@=\muskip17
\c@parentequation=\count278
\dspbrk@lvl=\count279
\tag@help=\toks20
\row@=\count280
\column@=\count281
\maxfields@=\count282
\andhelp@=\toks21
\eqnshift@=\dimen149
\alignsep@=\dimen150
\tagshift@=\dimen151
\tagwidth@=\dimen152
\totwidth@=\dimen153
\lineht@=\dimen154
\@envbody=\toks22
\multlinegap=\skip52
\multlinetaggap=\skip53
\mathdisplay@stack=\toks23
LaTeX Info: Redefining \[ on input line 2953.
LaTeX Info: Redefining \] on input line 2954.
) (/usr/share/texlive/texmf-dist/tex/generic/babel/babel.sty
Package: babel 2025/02/14 v25.4 The multilingual framework for pdfLaTeX, LuaLaTeX and XeLaTeX
\babel@savecnt=\count283
\U@D=\dimen155
\l@unhyphenated=\language90
 (/usr/share/texlive/texmf-dist/tex/generic/babel/txtbabel.def)
\bbl@readstream=\read2
\bbl@dirlevel=\count284
 (/usr/share/texlive/texmf-dist/tex/generic/babel-portuges/brazil.ldf
Language: portuges 2021/07/09 v1.2t Portuguese support from the babel system
Package babel Info: Hyphen rules for 'brazil' set to \l@portuguese
(babel)             (\language63). Reported on input line 111.
Package babel Info: Making " an active character on input line 143.
)) (/usr/share/texlive/texmf-dist/tex/latex/geometry/geometry.sty
Package: geometry 2020/01/02 v5.9 Page Geometry
 (/usr/share/texlive/texmf-dist/tex/generic/iftex/ifvtex.sty
Package: ifvtex 2019/10/25 v1.7 ifvtex legacy package. Use iftex instead.
 (/usr/share/texlive/texmf-dist/tex/generic/iftex/iftex.sty
Package: iftex 2024/12/12 v1.0g TeX engine tests
))
\Gm@cnth=\count285
\Gm@cntv=\count286
\c@Gm@tempcnt=\count287
\Gm@bindingoffset=\dimen156
\Gm@wd@mp=\dimen157
\Gm@odd@mp=\dimen158
\Gm@even@mp=\dimen159
\Gm@layoutwidth=\dimen160
\Gm@layoutheight=\dimen161
\Gm@layouthoffset=\dimen162
\Gm@layoutvoffset=\dimen163
\Gm@dimlist=\toks24
) (/usr/share/texlive/texmf-dist/tex/latex/float/float.sty
Package: float 2001/11/08 v1.3d Float enhancements (AL)
\c@float@type=\count288
\float@exts=\toks25
\float@box=\box55
\@float@everytoks=\toks26
\@floatcapt=\box56
) (/usr/share/texlive/texmf-dist/tex/latex/hyperref/hyperref.sty
Package: hyperref 2024-11-05 v7.01l Hypertext links for LaTeX
 (/usr/share/texlive/texmf-dist/tex/latex/kvsetkeys/kvsetkeys.sty
Package: kvsetkeys 2022-10-05 v1.19 Key value parser (HO)
) (/usr/share/texlive/texmf-dist/tex/generic/kvdefinekeys/kvdefinekeys.sty
Package: kvdefinekeys 2019-12-19 v1.6 Define keys (HO)
) (/usr/share/texlive/texmf-dist/tex/generic/pdfescape/pdfescape.sty
Package: pdfescape 2019/12/09 v1.15 Implements pdfTeX's escape features (HO)
 (/usr/share/texlive/texmf-dist/tex/generic/ltxcmds/ltxcmds.sty
Package: ltxcmds 2023-12-04 v1.26 LaTeX kernel commands for general use (HO)
) (/usr/share/texlive/texmf-dist/tex/generic/pdftexcmds/pdftexcmds.sty
Package: pdftexcmds 2020-06-27 v0.33 Utility functions of pdfTeX for LuaTeX (HO)
 (/usr/share/texlive/texmf-dist/tex/generic/infwarerr/infwarerr.sty
Package: infwarerr 2019/12/03 v1.5 Providing info/warning/error messages (HO)
)
Package pdftexcmds Info: \pdf@primitive is available.
Package pdftexcmds Info: \pdf@ifprimitive is available.
Package pdftexcmds Info: \pdfdraftmode found.
)) (/usr/share/texlive/texmf-dist/tex/latex/hycolor/hycolor.sty
Package: hycolor 2020-01-27 v1.10 Color options for hyperref/bookmark (HO)
) (/usr/share/texlive/texmf-dist/tex/latex/hyperref/nameref.sty
Package: nameref 2023-11-26 v2.56 Cross-referencing by name of section
 (/usr/share/texlive/texmf-dist/tex/latex/refcount/refcount.sty
Package: refcount 2019/12/15 v3.6 Data extraction from label references (HO)
) (/usr/share/texlive/texmf-dist/tex/generic/gettitlestring/gettitlestring.sty
Package: gettitlestring 2019/12/15 v1.6 Cleanup title references (HO)
 (/usr/share/texlive/texmf-dist/tex/latex/kvoptions/kvoptions.sty
Package: kvoptions 2022-06-15 v3.15 Key value format for package options (HO)
))
\c@section@level=\count289
) (/usr/share/texlive/texmf-dist/tex/latex/etoolbox/etoolbox.sty
Package: etoolbox 2025/02/11 v2.5l e-TeX tools for LaTeX (JAW)
\etb@tempcnta=\count290
) (/usr/share/texlive/texmf-dist/tex/generic/stringenc/stringenc.sty
Package: stringenc 2019/11/29 v1.12 Convert strings between diff. encodings (HO)
)
\@linkdim=\dimen164
\Hy@linkcounter=\count291
\Hy@pagecounter=\count292
 (/usr/share/texlive/texmf-dist/tex/latex/hyperref/pd1enc.def
File: pd1enc.def 2024-11-05 v7.01l Hyperref: PDFDocEncoding definition (HO)
Now handling font encoding PD1 ...
... no UTF-8 mapping file for font encoding PD1
) (/usr/share/texlive/texmf-dist/tex/generic/intcalc/intcalc.sty
Package: intcalc 2019/12/15 v1.3 Expandable calculations with integers (HO)
)
\Hy@SavedSpaceFactor=\count293
 (/usr/share/texlive/texmf-dist/tex/latex/hyperref/puenc.def
File: puenc.def 2024-11-05 v7.01l Hyperref: PDF Unicode definition (HO)
Now handling font encoding PU ...
... no UTF-8 mapping file for font encoding PU
)
Package hyperref Info: Hyper figures OFF on input line 4157.
Package hyperref Info: Link nesting OFF on input line 4162.
Package hyperref Info: Hyper index ON on input line 4165.
Package hyperref Info: Plain pages OFF on input line 4172.
Package hyperref Info: Backreferencing OFF on input line 4177.
Package hyperref Info: Implicit mode ON; LaTeX internals redefined.
Package hyperref Info: Bookmarks ON on input line 4424.
\c@Hy@tempcnt=\count294
 (/usr/share/texlive/texmf-dist/tex/latex/url/url.sty
\Urlmuskip=\muskip18
Package: url 2013/09/16  ver 3.4  Verb mode for urls, etc.
)
LaTeX Info: Redefining \url on input line 4763.
\XeTeXLinkMargin=\dimen165
 (/usr/share/texlive/texmf-dist/tex/generic/bitset/bitset.sty
Package: bitset 2019/12/09 v1.3 Handle bit-vector datatype (HO)
 (/usr/share/texlive/texmf-dist/tex/generic/bigintcalc/bigintcalc.sty
Package: bigintcalc 2019/12/15 v1.5 Expandable calculations on big integers (HO)
))
\Fld@menulength=\count295
\Field@Width=\dimen166
\Fld@charsize=\dimen167
Package hyperref Info: Hyper figures OFF on input line 6042.
Package hyperref Info: Link nesting OFF on input line 6047.
Package hyperref Info: Hyper index ON on input line 6050.
Package hyperref Info: backreferencing OFF on input line 6057.
Package hyperref Info: Link coloring OFF on input line 6062.
Package hyperref Info: Link coloring with OCG OFF on input line 6067.
Package hyperref Info: PDF/A mode OFF on input line 6072.
 (/usr/share/texlive/texmf-dist/tex/latex/base/atbegshi-ltx.sty
Package: atbegshi-ltx 2021/01/10 v1.0c Emulation of the original atbegshi
package with kernel methods
)
\Hy@abspage=\count296
\c@Item=\count297
\c@Hfootnote=\count298
)
Package hyperref Info: Driver (autodetected): hpdftex.
 (/usr/share/texlive/texmf-dist/tex/latex/hyperref/hpdftex.def
File: hpdftex.def 2024-11-05 v7.01l Hyperref driver for pdfTeX
 (/usr/share/texlive/texmf-dist/tex/latex/base/atveryend-ltx.sty
Package: atveryend-ltx 2020/08/19 v1.0a Emulation of the original atveryend package
with kernel methods
)
\Fld@listcount=\count299
\c@bookmark@seq@number=\count300
 (/usr/share/texlive/texmf-dist/tex/latex/rerunfilecheck/rerunfilecheck.sty
Package: rerunfilecheck 2022-07-10 v1.10 Rerun checks for auxiliary files (HO)
 (/usr/share/texlive/texmf-dist/tex/generic/uniquecounter/uniquecounter.sty
Package: uniquecounter 2019/12/15 v1.4 Provide unlimited unique counter (HO)
)
Package uniquecounter Info: New unique counter `rerunfilecheck' on input line 285.
)
\Hy@SectionHShift=\skip54
) (/usr/share/texlive/texmf-dist/tex/latex/natbib/natbib.sty
Package: natbib 2010/09/13 8.31b (PWD, AO)
\bibhang=\skip55
\bibsep=\skip56
LaTeX Info: Redefining \cite on input line 694.
\c@NAT@ctr=\count301
) (/usr/share/texlive/texmf-dist/tex/latex/l3backend/l3backend-pdftex.def
File: l3backend-pdftex.def 2024-05-08 L3 backend support: PDF output (pdfTeX)
\l__color_backend_stack_int=\count302
\l__pdf_internal_box=\box57
) (./main.aux)
\openout1 = `main.aux'.

LaTeX Font Info:    Checking defaults for OML/cmm/m/it on input line 21.
LaTeX Font Info:    ... okay on input line 21.
LaTeX Font Info:    Checking defaults for OMS/cmsy/m/n on input line 21.
LaTeX Font Info:    ... okay on input line 21.
LaTeX Font Info:    Checking defaults for OT1/cmr/m/n on input line 21.
LaTeX Font Info:    ... okay on input line 21.
LaTeX Font Info:    Checking defaults for T1/cmr/m/n on input line 21.
LaTeX Font Info:    ... okay on input line 21.
LaTeX Font Info:    Checking defaults for TS1/cmr/m/n on input line 21.
LaTeX Font Info:    ... okay on input line 21.
LaTeX Font Info:    Checking defaults for OMX/cmex/m/n on input line 21.
LaTeX Font Info:    ... okay on input line 21.
LaTeX Font Info:    Checking defaults for U/cmr/m/n on input line 21.
LaTeX Font Info:    ... okay on input line 21.
LaTeX Font Info:    Checking defaults for PD1/pdf/m/n on input line 21.
LaTeX Font Info:    ... okay on input line 21.
LaTeX Font Info:    Checking defaults for PU/pdf/m/n on input line 21.
LaTeX Font Info:    ... okay on input line 21.
 (/usr/share/texlive/texmf-dist/tex/context/base/mkii/supp-pdf.mkii
[Loading MPS to PDF converter (version 2006.09.02).]
\scratchcounter=\count303
\scratchdimen=\dimen168
\scratchbox=\box58
\nofMPsegments=\count304
\nofMParguments=\count305
\everyMPshowfont=\toks27
\MPscratchCnt=\count306
\MPscratchDim=\dimen169
\MPnumerator=\count307
\makeMPintoPDFobject=\count308
\everyMPtoPDFconversion=\toks28
) (/usr/share/texlive/texmf-dist/tex/latex/epstopdf-pkg/epstopdf-base.sty
Package: epstopdf-base 2020-01-24 v2.11 Base part for package epstopdf
 (/usr/share/texlive/texmf-dist/tex/latex/grfext/grfext.sty
Package: grfext 2019/12/03 v1.3 Manage graphics extensions (HO)
)
Package epstopdf-base Info: Redefining graphics rule for `.eps' on input line 485.
Package grfext Info: Graphics extension search list:
(grfext)             [.pdf,.png,.jpg,.mps,.jpeg,.jbig2,.jb2,.PDF,.PNG,.JPG,.JPEG,.JBIG2,.JB2,.eps]
(grfext)             \AppendGraphicsExtensions on input line 504.
 (/usr/share/texlive/texmf-dist/tex/latex/latexconfig/epstopdf-sys.cfg
File: epstopdf-sys.cfg 2010/07/13 v1.3 Configuration of (r)epstopdf for TeX Live
))
*geometry* driver: auto-detecting
*geometry* detected driver: pdftex
*geometry* verbose mode - [ preamble ] result:
* driver: pdftex
* paper: a4paper
* layout: <same size as paper>
* layoutoffset:(h,v)=(0.0pt,0.0pt)
* modes: 
* h-part:(L,W,R)=(85.35826pt, 455.24411pt, 56.9055pt)
* v-part:(T,H,B)=(85.35826pt, 702.78308pt, 56.9055pt)
* \paperwidth=597.50787pt
* \paperheight=845.04684pt
* \textwidth=455.24411pt
* \textheight=702.78308pt
* \oddsidemargin=13.08827pt
* \evensidemargin=13.08827pt
* \topmargin=-23.91173pt
* \headheight=12.0pt
* \headsep=25.0pt
* \topskip=12.0pt
* \footskip=30.0pt
* \marginparwidth=44.0pt
* \marginparsep=10.0pt
* \columnsep=10.0pt
* \skip\footins=10.8pt plus 4.0pt minus 2.0pt
* \hoffset=0.0pt
* \voffset=0.0pt
* \mag=1000
* \@twocolumnfalse
* \@twosidefalse
* \@mparswitchfalse
* \@reversemarginfalse
* (1in=72.27pt=25.4mm, 1cm=28.453pt)

Package hyperref Info: Link coloring OFF on input line 21.
(./main.out) (./main.out)
\@outlinefile=\write3
\openout3 = `main.out'.

<./images/vertical_sigla_fundo_claro.png, id=180, 325.215pt x 448.3149pt>
File: ./images/vertical_sigla_fundo_claro.png Graphic file (type png)
<use ./images/vertical_sigla_fundo_claro.png>
Package pdftex.def Info: ./images/vertical_sigla_fundo_claro.png  used on input line 30.
(pdftex.def)             Requested size: 127.46779pt x 175.71771pt.


[1

{/var/lib/texmf/fonts/map/pdftex/updmap/pdftex.map} <./images/vertical_sigla_fundo_claro.png>] (./main.toc)
\tf@toc=\write4
\openout4 = `main.toc'.




pdfTeX warning (ext4): destination with the same identifier (name{page.1}) has been already used, duplicate ignored
<to be read again> 
                   \relax 
l.53 \newpage
              [1]

[2]

[3]
<images/Captura de tela 2025-10-18 223003.png, id=249, 293.59688pt x 288.3272pt>
File: images/Captura de tela 2025-10-18 223003.png Graphic file (type png)
<use images/Captura de tela 2025-10-18 223003.png>
Package pdftex.def Info: images/Captura de tela 2025-10-18 223003.png  used on input line 69.
(pdftex.def)             Requested size: 136.57462pt x 134.12354pt.


[4{/usr/share/texmf/fonts/enc/dvips/cm-super/cm-super-ts1.enc} <./images/Captura de tela 2025-10-18 223003.png>]
<images/pn.png, id=257, 469.00218pt x 330.48468pt>
File: images/pn.png Graphic file (type png)
<use images/pn.png>
Package pdftex.def Info: images/pn.png  used on input line 101.
(pdftex.def)             Requested size: 364.19667pt x 256.6323pt.
<images/JFET-de-canal-n-reversamente-polarizado-corpo-com-cargas-negativas-nas-proximidades-da.png, id=258, 365.86688pt x 347.04657pt>
File: images/JFET-de-canal-n-reversamente-polarizado-corpo-com-cargas-negativas-nas-proximidades-da.png Graphic file (type png)
<use images/JFET-de-canal-n-reversamente-polarizado-corpo-com-cargas-negativas-nas-proximidades-da.png>
Package pdftex.def Info: images/JFET-de-canal-n-reversamente-polarizado-corpo-com-cargas-negativas-nas-proximidades-da.png  used on input line 114.
(pdftex.def)             Requested size: 227.62206pt x 215.9133pt.


[5 <./images/pn.png>]
<images/aumento Vds.png, id=266, 632.3625pt x 285.065pt>
File: images/aumento Vds.png Graphic file (type png)
<use images/aumento Vds.png>
Package pdftex.def Info: images/aumento Vds.png  used on input line 127.
(pdftex.def)             Requested size: 364.19667pt x 164.18079pt.


[6 <./images/JFET-de-canal-n-reversamente-polarizado-corpo-com-cargas-negativas-nas-proximidades-da.png> <./images/aumento Vds.png>]
<images/regioes.png, id=274, 642.4pt x 191.71625pt>
File: images/regioes.png Graphic file (type png)
<use images/regioes.png>
Package pdftex.def Info: images/regioes.png  used on input line 168.
(pdftex.def)             Requested size: 455.24411pt x 135.86497pt.


[7]

Package hyperref Warning: Token not allowed in a PDF string (Unicode):
(hyperref)                removing `math shift' on input line 210.


Underfull \hbox (badness 10000) in paragraph at lines 210--211

 []



[8 <./images/regioes.png>]

Package hyperref Warning: Token not allowed in a PDF string (Unicode):
(hyperref)                removing `math shift' on input line 224.


Underfull \hbox (badness 10000) in paragraph at lines 224--225

 []


Underfull \hbox (badness 10000) in paragraph at lines 234--235

 []


Overfull \hbox (4.15482pt too wide) in paragraph at lines 243--244
[]\OT1/cmr/bx/n/12 Ru^^S^^Pdo t^^Sermico: \OT1/cmr/m/n/12 Ca-nais fi-nos ge-ram me-nos cor-rente de ru^^S^^Pdo, es-sen-cial em aplica^^Xc~oes
 []


Package hyperref Warning: Token not allowed in a PDF string (Unicode):
(hyperref)                removing `math shift' on input line 246.


Underfull \hbox (badness 10000) in paragraph at lines 246--247

 []



[9]

[10]

[11]
<./images/Dell_Professional_P2212H_-_power_supply_board_-_K4101FS-2149.jpg, id=304, 803.0pt x 1071.00125pt>
File: ./images/Dell_Professional_P2212H_-_power_supply_board_-_K4101FS-2149.jpg Graphic file (type jpg)
<use ./images/Dell_Professional_P2212H_-_power_supply_board_-_K4101FS-2149.jpg>
Package pdftex.def Info: ./images/Dell_Professional_P2212H_-_power_supply_board_-_K4101FS-2149.jpg  used on input line 378.
(pdftex.def)             Requested size: 91.04742pt x 121.4221pt.


[12 <./images/Dell_Professional_P2212H_-_power_supply_board_-_K4101FS-2149.jpg>]
<./images/transisCampo.jpg, id=313, 183.084pt x 120.9318pt>
File: ./images/transisCampo.jpg Graphic file (type jpg)
<use ./images/transisCampo.jpg>
Package pdftex.def Info: ./images/transisCampo.jpg  used on input line 391.
(pdftex.def)             Requested size: 182.09486pt x 120.28195pt.
<./images/Mosfet-wp.svg.png, id=314, 803.0pt x 918.43124pt>
File: ./images/Mosfet-wp.svg.png Graphic file (type png)
<use ./images/Mosfet-wp.svg.png>
Package pdftex.def Info: ./images/Mosfet-wp.svg.png  used on input line 400.
(pdftex.def)             Requested size: 91.04742pt x 104.12486pt.
<./images/FET_cross_section.png, id=315, 451.6875pt x 390.45876pt>
File: ./images/FET_cross_section.png Graphic file (type png)
<use ./images/FET_cross_section.png>
Package pdftex.def Info: ./images/FET_cross_section.png  used on input line 410.
(pdftex.def)             Requested size: 136.57462pt x 118.062pt.


[13 <./images/transisCampo.jpg> <./images/Mosfet-wp.svg.png> <./images/FET_cross_section.png>]
<./images/MOSFET_enhancement-mode_n-channel.svg.png, id=325, 521.95pt x 228.855pt>
File: ./images/MOSFET_enhancement-mode_n-channel.svg.png Graphic file (type png)
<use ./images/MOSFET_enhancement-mode_n-channel.svg.png>
Package pdftex.def Info: ./images/MOSFET_enhancement-mode_n-channel.svg.png  used on input line 445.
(pdftex.def)             Requested size: 273.14923pt x 119.76654pt.


[14]
<./images/Amplificador banda larga.jpg, id=332, 521.95pt x 313.17pt>
File: ./images/Amplificador banda larga.jpg Graphic file (type jpg)
<use ./images/Amplificador banda larga.jpg>
Package pdftex.def Info: ./images/Amplificador banda larga.jpg  used on input line 463.
(pdftex.def)             Requested size: 273.14923pt x 163.89105pt.


[15 <./images/MOSFET_enhancement-mode_n-channel.svg.png> <./images/Amplificador banda larga.jpg>]
<./images/Seguidor de fonte.jpg, id=342, 521.95pt x 221.82875pt>
File: ./images/Seguidor de fonte.jpg Graphic file (type jpg)
<use ./images/Seguidor de fonte.jpg>
Package pdftex.def Info: ./images/Seguidor de fonte.jpg  used on input line 483.
(pdftex.def)             Requested size: 273.14923pt x 116.0895pt.
<./images/Provador de bobinas e capacitores.jpg, id=344, 521.95pt x 270.00874pt>
File: ./images/Provador de bobinas e capacitores.jpg Graphic file (type jpg)
<use ./images/Provador de bobinas e capacitores.jpg>
Package pdftex.def Info: ./images/Provador de bobinas e capacitores.jpg  used on input line 498.
(pdftex.def)             Requested size: 273.14923pt x 141.3035pt.
<./images/Eletroscópio.jpg, id=346, 521.95pt x 258.9675pt>
File: ./images/Eletroscópio.jpg Graphic file (type jpg)
<use ./images/Eletroscópio.jpg>
Package pdftex.def Info: ./images/Eletroscópio.jpg  used on input line 511.
(pdftex.def)             Requested size: 273.14923pt x 135.52528pt.


[16 <./images/Seguidor de fonte.jpg> <./images/Provador de bobinas e capacitores.jpg>]
<./images/IGBT.png, id=356, 580.1675pt x 314.17375pt>
File: ./images/IGBT.png Graphic file (type png)
<use ./images/IGBT.png>
Package pdftex.def Info: ./images/IGBT.png  used on input line 538.
(pdftex.def)             Requested size: 204.85846pt x 110.93561pt.
<./images/tiristor.png, id=357, 429.605pt x 192.72pt>
File: ./images/tiristor.png Graphic file (type png)
<use ./images/tiristor.png>
Package pdftex.def Info: ./images/tiristor.png  used on input line 539.
(pdftex.def)             Requested size: 204.85846pt x 91.89876pt.


[17 <./images/Eletroscópio.jpg>]
<images/The-structure-of-inverter-IGBT.png, id=364, 1003.75pt x 752.8125pt>
File: images/The-structure-of-inverter-IGBT.png Graphic file (type png)
<use images/The-structure-of-inverter-IGBT.png>
Package pdftex.def Info: images/The-structure-of-inverter-IGBT.png  used on input line 550.
(pdftex.def)             Requested size: 273.14923pt x 204.85878pt.


[18 <./images/IGBT.png (PNG copy)> <./images/tiristor.png (PNG copy)> <./images/The-structure-of-inverter-IGBT.png>]
<images/igbt-circuit-diagram.png, id=374, 247.92625pt x 204.765pt>
File: images/igbt-circuit-diagram.png Graphic file (type png)
<use images/igbt-circuit-diagram.png>
Package pdftex.def Info: images/igbt-circuit-diagram.png  used on input line 571.
(pdftex.def)             Requested size: 273.14923pt x 225.61398pt.


[19 <./images/igbt-circuit-diagram.png>]
<images/planar_trench_gate.png, id=381, 390.45876pt x 285.065pt>
File: images/planar_trench_gate.png Graphic file (type png)
<use images/planar_trench_gate.png>
Package pdftex.def Info: images/planar_trench_gate.png  used on input line 585.
(pdftex.def)             Requested size: 273.14923pt x 199.4267pt.


[20 <./images/planar_trench_gate.png>]

Package hyperref Warning: Token not allowed in a PDF string (Unicode):
(hyperref)                removing `math shift' on input line 601.


Package hyperref Warning: Token not allowed in a PDF string (Unicode):
(hyperref)                removing `subscript' on input line 601.


Package hyperref Warning: Token not allowed in a PDF string (Unicode):
(hyperref)                removing `math shift' on input line 601.


Package hyperref Warning: Token not allowed in a PDF string (Unicode):
(hyperref)                removing `math shift' on input line 601.


Package hyperref Warning: Token not allowed in a PDF string (Unicode):
(hyperref)                removing `subscript' on input line 601.


Package hyperref Warning: Token not allowed in a PDF string (Unicode):
(hyperref)                removing `math shift' on input line 601.

<images/curva_de_transferencia.png, id=390, 501.875pt x 150.5625pt>
File: images/curva_de_transferencia.png Graphic file (type png)
<use images/curva_de_transferencia.png>
Package pdftex.def Info: images/curva_de_transferencia.png  used on input line 611.
(pdftex.def)             Requested size: 273.14923pt x 81.94809pt.
<images/curva_de_saida.png, id=392, 717.68124pt x 416.55624pt>
File: images/curva_de_saida.png Graphic file (type png)
<use images/curva_de_saida.png>
Package pdftex.def Info: images/curva_de_saida.png  used on input line 629.
(pdftex.def)             Requested size: 273.14923pt x 158.5409pt.


[21 <./images/curva_de_transferencia.png>]

[22 <./images/curva_de_saida.png>]
<./images/conversor_buck.png, id=414, 401.70074pt x 183.68625pt>
File: ./images/conversor_buck.png Graphic file (type png)
<use ./images/conversor_buck.png>
Package pdftex.def Info: ./images/conversor_buck.png  used on input line 663.
(pdftex.def)             Requested size: 227.62206pt x 104.0856pt.
<./images/Entrada_saida.png, id=415, 492.03825pt x 332.442pt>
File: ./images/Entrada_saida.png Graphic file (type png)
<use ./images/Entrada_saida.png>
Package pdftex.def Info: ./images/Entrada_saida.png  used on input line 668.
(pdftex.def)             Requested size: 227.62206pt x 153.79259pt.


[23 <./images/conversor_buck.png> <./images/Entrada_saida.png>]

[24] (./main.bbl
Underfull \hbox (badness 1132) in paragraph at lines 20--23
[]\OT1/cmr/m/n/12 M. P. Sys-tems.  Igbts, 2024.  URL []$\OT1/cmtt/m/n/12 https : / / www . monolithicpower . com / en /
 []


Underfull \hbox (badness 10000) in paragraph at lines 20--23
\OT1/cmtt/m/n/12 learning / mpscholar / power-[]electronics / power-[]semiconductor-[]devices /
 []

)

[25] (./main.aux)
 ***********
LaTeX2e <2024-11-01> patch level 2
L3 programming layer <2025-01-18>
 ***********
Package rerunfilecheck Info: File `main.out' has not changed.
(rerunfilecheck)             Checksum: 5532B20AB04B6504ADDB24259800F191;9164.
 ) 
Here is how much of TeX's memory you used:
 11552 strings out of 473197
 183381 string characters out of 5718604
 609402 words of memory out of 5000000
 34565 multiletter control sequences out of 15000+600000
 564618 words of font info for 56 fonts, out of 8000000 for 9000
 1141 hyphenation exceptions out of 8191
 75i,7n,79p,1196b,612s stack positions out of 10000i,1000n,20000p,200000b,200000s
</usr/share/texlive/texmf-dist/fonts/type1/public/amsfonts/cm/cmbx12.pfb></usr/share/texlive/texmf-dist/fonts/type1/public/amsfonts/cm/cmex10.pfb></usr/share/texlive/texmf-dist/fonts/type1/public/amsfonts/cm/cmmi12.pfb></usr/share/texlive/texmf-dist/fonts/type1/public/amsfonts/cm/cmmi6.pfb></usr/share/texlive/texmf-dist/fonts/type1/public/amsfonts/cm/cmmi8.pfb></usr/share/texlive/texmf-dist/fonts/type1/public/amsfonts/cm/cmr12.pfb></usr/share/texlive/texmf-dist/fonts/type1/public/amsfonts/cm/cmr8.pfb></usr/share/texlive/texmf-dist/fonts/type1/public/amsfonts/cm/cmsy10.pfb></usr/share/texlive/texmf-dist/fonts/type1/public/amsfonts/cm/cmti12.pfb></usr/share/texlive/texmf-dist/fonts/type1/public/amsfonts/cm/cmtt12.pfb></usr/share/texmf/fonts/type1/public/cm-super/sfrm1200.pfb>
Output written on main.pdf (26 pages, 1328262 bytes).
PDF statistics:
 524 PDF objects out of 1000 (max. 8388607)
 433 compressed objects within 5 object streams
 110 named destinations out of 1000 (max. 500000)
 473 words of extra memory for PDF output out of 10000 (max. 10000000)

